This file contains any messages produced by compilers while
running configure, to aid debugging if configure makes a mistake.

It was created by teximpatient configure 2.4, which was
generated by GNU Autoconf 2.69.  Invocation command line was

  $ ./configure 

## --------- ##
## Platform. ##
## --------- ##

hostname = daniel-desktop
uname -m = x86_64
uname -r = 4.4.6-300.fc23.x86_64
uname -s = Linux
uname -v = #1 SMP Wed Mar 16 22:10:37 UTC 2016

/usr/bin/uname -p = x86_64
/bin/uname -X     = unknown

/bin/arch              = x86_64
/usr/bin/arch -k       = unknown
/usr/convex/getsysinfo = unknown
/usr/bin/hostinfo      = unknown
/bin/machine           = unknown
/usr/bin/oslevel       = unknown
/bin/universe          = unknown

PATH: /usr/lib64/qt-3.3/bin
PATH: /usr/local/bin
PATH: /usr/local/sbin
PATH: /usr/bin
PATH: /usr/sbin
PATH: /home/djames/bin


## ----------- ##
## Core tests. ##
## ----------- ##

configure:1721: checking for a BSD-compatible install
configure:1789: result: /usr/bin/install -c
configure:1800: checking for a thread-safe mkdir -p
configure:1839: result: /usr/bin/mkdir -p
configure:1844: checking for icon
configure:1877: result: no
configure:1884: checking for tex
configure:1902: found /usr/bin/tex
configure:1914: result: /usr/bin/tex
configure:1924: checking for pdftex
configure:1942: found /usr/bin/pdftex
configure:1954: result: /usr/bin/pdftex
configure:1964: checking for httex
configure:1982: found /usr/bin/httex
configure:1994: result: /usr/bin/httex
configure:2155: creating ./config.status

## ---------------------- ##
## Running config.status. ##
## ---------------------- ##

This file was extended by teximpatient config.status 2.4, which was
generated by GNU Autoconf 2.69.  Invocation command line was

  CONFIG_FILES    = 
  CONFIG_HEADERS  = 
  CONFIG_LINKS    = 
  CONFIG_COMMANDS = 
  $ ./config.status 

on daniel-desktop

config.status:722: creating Makefile

## ---------------- ##
## Cache variables. ##
## ---------------- ##

ac_cv_env_build_alias_set=
ac_cv_env_build_alias_value=
ac_cv_env_host_alias_set=
ac_cv_env_host_alias_value=
ac_cv_env_target_alias_set=
ac_cv_env_target_alias_value=
ac_cv_path_HTTEX=/usr/bin/httex
ac_cv_path_PDFTEX=/usr/bin/pdftex
ac_cv_path_TEX=/usr/bin/tex
ac_cv_path_install='/usr/bin/install -c'
ac_cv_path_mkdir=/usr/bin/mkdir

## ----------------- ##
## Output variables. ##
## ----------------- ##

DEFS='-DPACKAGE_NAME=\"teximpatient\" -DPACKAGE_TARNAME=\"teximpatient\" -DPACKAGE_VERSION=\"2.4\" -DPACKAGE_STRING=\"teximpatient\ 2.4\" -DPACKAGE_BUGREPORT=\"impatient@tug.org\" -DPACKAGE_URL=\"\"'
ECHO_C=''
ECHO_N='-n'
ECHO_T=''
HTTEX='/usr/bin/httex'
ICON=''
INSTALL_DATA='${INSTALL} -m 644'
INSTALL_PROGRAM='${INSTALL}'
INSTALL_SCRIPT='${INSTALL}'
LIBOBJS=''
LIBS=''
LTLIBOBJS=''
MKDIR_P='/usr/bin/mkdir -p'
PACKAGE_BUGREPORT='impatient@tug.org'
PACKAGE_NAME='teximpatient'
PACKAGE_STRING='teximpatient 2.4'
PACKAGE_TARNAME='teximpatient'
PACKAGE_URL=''
PACKAGE_VERSION='2.4'
PATH_SEPARATOR=':'
PDFTEX='/usr/bin/pdftex'
SHELL='/bin/sh'
TEX='/usr/bin/tex'
bindir='${exec_prefix}/bin'
build_alias=''
datadir='${datarootdir}'
datarootdir='${prefix}/share'
docdir='${datarootdir}/doc/${PACKAGE_TARNAME}'
dvidir='${docdir}'
exec_prefix='${prefix}'
host_alias=''
htmldir='${docdir}'
includedir='${prefix}/include'
infodir='${datarootdir}/info'
libdir='${exec_prefix}/lib'
libexecdir='${exec_prefix}/libexec'
localedir='${datarootdir}/locale'
localstatedir='${prefix}/var'
mandir='${datarootdir}/man'
oldincludedir='/usr/include'
pdfdir='${docdir}'
prefix='/usr/local'
program_transform_name='s,x,x,'
psdir='${docdir}'
sbindir='${exec_prefix}/sbin'
sharedstatedir='${prefix}/com'
sysconfdir='${prefix}/etc'
target_alias=''

## ----------- ##
## confdefs.h. ##
## ----------- ##

/* confdefs.h */
#define PACKAGE_NAME "teximpatient"
#define PACKAGE_TARNAME "teximpatient"
#define PACKAGE_VERSION "2.4"
#define PACKAGE_STRING "teximpatient 2.4"
#define PACKAGE_BUGREPORT "impatient@tug.org"
#define PACKAGE_URL ""

configure: exit 0
